E, [2017-05-15T16:12:42.070200 #7876] ERROR -- Kitchen: ------Exception-------
E, [2017-05-15T16:12:42.070295 #7876] ERROR -- Kitchen: Class: Kitchen::UserError
E, [2017-05-15T16:12:42.070321 #7876] ERROR -- Kitchen: Message: Kitchen YAML file /Users/rajeshj/chef/chef-aws/.kitchen.yml does not exist.
E, [2017-05-15T16:12:42.070332 #7876] ERROR -- Kitchen: ----------------------
E, [2017-05-15T16:12:42.070376 #7876] ERROR -- Kitchen: ------Backtrace-------
E, [2017-05-15T16:12:42.070385 #7876] ERROR -- Kitchen: /opt/chefdk/embedded/lib/ruby/gems/2.3.0/gems/test-kitchen-1.15.0/lib/kitchen/loader/yaml.rb:71:in `read'
E, [2017-05-15T16:12:42.070394 #7876] ERROR -- Kitchen: /opt/chefdk/embedded/lib/ruby/gems/2.3.0/gems/test-kitchen-1.15.0/lib/kitchen/config.rb:152:in `data'
E, [2017-05-15T16:12:42.070403 #7876] ERROR -- Kitchen: /opt/chefdk/embedded/lib/ruby/gems/2.3.0/gems/test-kitchen-1.15.0/lib/kitchen/config.rb:131:in `suites'
E, [2017-05-15T16:12:42.070411 #7876] ERROR -- Kitchen: /opt/chefdk/embedded/lib/ruby/gems/2.3.0/gems/test-kitchen-1.15.0/lib/kitchen/config.rb:182:in `filter_instances'
E, [2017-05-15T16:12:42.070443 #7876] ERROR -- Kitchen: /opt/chefdk/embedded/lib/ruby/gems/2.3.0/gems/test-kitchen-1.15.0/lib/kitchen/config.rb:141:in `build_instances'
E, [2017-05-15T16:12:42.070451 #7876] ERROR -- Kitchen: /opt/chefdk/embedded/lib/ruby/gems/2.3.0/gems/test-kitchen-1.15.0/lib/kitchen/config.rb:117:in `instances'
E, [2017-05-15T16:12:42.070459 #7876] ERROR -- Kitchen: /opt/chefdk/embedded/lib/ruby/gems/2.3.0/gems/test-kitchen-1.15.0/lib/kitchen/command.rb:112:in `filtered_instances'
E, [2017-05-15T16:12:42.070467 #7876] ERROR -- Kitchen: /opt/chefdk/embedded/lib/ruby/gems/2.3.0/gems/test-kitchen-1.15.0/lib/kitchen/command.rb:142:in `parse_subcommand'
E, [2017-05-15T16:12:42.070475 #7876] ERROR -- Kitchen: /opt/chefdk/embedded/lib/ruby/gems/2.3.0/gems/test-kitchen-1.15.0/lib/kitchen/command/login.rb:29:in `call'
E, [2017-05-15T16:12:42.070483 #7876] ERROR -- Kitchen: /opt/chefdk/embedded/lib/ruby/gems/2.3.0/gems/test-kitchen-1.15.0/lib/kitchen/cli.rb:53:in `perform'
E, [2017-05-15T16:12:42.070491 #7876] ERROR -- Kitchen: /opt/chefdk/embedded/lib/ruby/gems/2.3.0/gems/test-kitchen-1.15.0/lib/kitchen/cli.rb:241:in `login'
E, [2017-05-15T16:12:42.070499 #7876] ERROR -- Kitchen: /opt/chefdk/embedded/lib/ruby/gems/2.3.0/gems/thor-0.19.1/lib/thor/command.rb:27:in `run'
E, [2017-05-15T16:12:42.070506 #7876] ERROR -- Kitchen: /opt/chefdk/embedded/lib/ruby/gems/2.3.0/gems/thor-0.19.1/lib/thor/invocation.rb:126:in `invoke_command'
E, [2017-05-15T16:12:42.070514 #7876] ERROR -- Kitchen: /opt/chefdk/embedded/lib/ruby/gems/2.3.0/gems/test-kitchen-1.15.0/lib/kitchen/cli.rb:334:in `invoke_task'
E, [2017-05-15T16:12:42.070522 #7876] ERROR -- Kitchen: /opt/chefdk/embedded/lib/ruby/gems/2.3.0/gems/thor-0.19.1/lib/thor.rb:359:in `dispatch'
E, [2017-05-15T16:12:42.070554 #7876] ERROR -- Kitchen: /opt/chefdk/embedded/lib/ruby/gems/2.3.0/gems/thor-0.19.1/lib/thor/base.rb:440:in `start'
E, [2017-05-15T16:12:42.070562 #7876] ERROR -- Kitchen: /opt/chefdk/embedded/lib/ruby/gems/2.3.0/gems/test-kitchen-1.15.0/bin/kitchen:13:in `block in <top (required)>'
E, [2017-05-15T16:12:42.070570 #7876] ERROR -- Kitchen: /opt/chefdk/embedded/lib/ruby/gems/2.3.0/gems/test-kitchen-1.15.0/lib/kitchen/errors.rb:171:in `with_friendly_errors'
E, [2017-05-15T16:12:42.070578 #7876] ERROR -- Kitchen: /opt/chefdk/embedded/lib/ruby/gems/2.3.0/gems/test-kitchen-1.15.0/bin/kitchen:13:in `<top (required)>'
E, [2017-05-15T16:12:42.070585 #7876] ERROR -- Kitchen: /usr/local/bin/kitchen:21:in `load'
E, [2017-05-15T16:12:42.070593 #7876] ERROR -- Kitchen: /usr/local/bin/kitchen:21:in `<main>'
E, [2017-05-15T16:12:42.070601 #7876] ERROR -- Kitchen: ----End Backtrace-----
